Current configuration:
[NAME]		[DEFLT]	[VALUE]
-dictfn			/Users/imano/Desktop/Internships/MADA/arabicASRwCMUSphinx/arabicASRDatabase/etc/arabicASRDatabase.dic
-example	no	no
-fdictfn		/Users/imano/Desktop/Internships/MADA/arabicASRwCMUSphinx/arabicASRDatabase/etc/arabicASRDatabase.filler
-help		no	no
-ignorewpos	no	no
-inCDmdef		
-inCImdef		
-lsnfn			
-maxtriphones	100000	100000
-minocc		1	1
-n_state_pm	3	3
-oalltphnmdef		/Users/imano/Desktop/Internships/MADA/arabicASRwCMUSphinx/arabicASRDatabase/model_architecture/arabicASRDatabase.alltriphones.mdef
-ocimdef		
-ocountfn		
-ountiedmdef		
-phnlstfn		/Users/imano/Desktop/Internships/MADA/arabicASRwCMUSphinx/arabicASRDatabase/model_architecture/arabicASRDatabase.phonelist
-triphnlstfn		

INFO: main.c(94): Will write alltriphone mdef file /Users/imano/Desktop/Internships/MADA/arabicASRwCMUSphinx/arabicASRDatabase/model_architecture/arabicASRDatabase.alltriphones.mdef
INFO: mk_mdef_gen.c(189): 0 single word triphones in input phone list
INFO: mk_mdef_gen.c(190): 0 word beginning triphones in input phone list
INFO: mk_mdef_gen.c(191): 0 word internal triphones in input phone list
INFO: mk_mdef_gen.c(192): 0 word ending triphones in input phone list
INFO: mk_mdef_gen.c(280): Reading dict /Users/imano/Desktop/Internships/MADA/arabicASRwCMUSphinx/arabicASRDatabase/etc/arabicASRDatabase.dic
INFO: mk_mdef_gen.c(322): 15552 words in dict /Users/imano/Desktop/Internships/MADA/arabicASRwCMUSphinx/arabicASRDatabase/etc/arabicASRDatabase.dic
INFO: mk_mdef_gen.c(280): Reading dict /Users/imano/Desktop/Internships/MADA/arabicASRwCMUSphinx/arabicASRDatabase/etc/arabicASRDatabase.filler
INFO: mk_mdef_gen.c(322): 3 words in dict /Users/imano/Desktop/Internships/MADA/arabicASRwCMUSphinx/arabicASRDatabase/etc/arabicASRDatabase.filler
INFO: mk_mdef_gen.c(442): 15555 words in dictionary
INFO: mk_mdef_gen.c(443): 20196 unique single word triphones in dictionary
INFO: mk_mdef_gen.c(444): 19754 unique word beginning triphones in dictionary
INFO: mk_mdef_gen.c(445): 6419 unique word internal triphones in dictionary
INFO: mk_mdef_gen.c(446): 19239 unique word ending triphones in dictionary
INFO: mk_mdef_gen.c(897): 36 n_base, 65608 n_tri
INFO: mk_mdef_gen.c(969): Wrote mdef file /Users/imano/Desktop/Internships/MADA/arabicASRwCMUSphinx/arabicASRDatabase/model_architecture/arabicASRDatabase.alltriphones.mdef
Sun Dec 25 11:52:15 2022
