        INFO: main.c(201): Compiled on Dec  5 2022 at 13:38:32
Current configuration:
[NAME]		[DEFLT]		[VALUE]
-2passvar	no		no
-abeam		1e-100		1.000000e-90
-accumdir			/Users/imano/Desktop/Internships/MADA/arabicASRwCMUSphinx/arabicASRDatabase/bwaccumdir/arabicASRDatabase_buff_1
-agc		none		none
-agcthresh	2.0		2.000000e+00
-bbeam		1e-100		1.000000e-10
-cb2mllrfn	.1cls.		.1cls.
-cepdir				/Users/imano/Desktop/Internships/MADA/arabicASRwCMUSphinx/arabicASRDatabase/feat
-cepext		mfc		mfc
-ceplen		13		13
-ckptintv			0
-cmn		live		batch
-cmninit	40,3,-1		40,3,-1
-ctlfn				/Users/imano/Desktop/Internships/MADA/arabicASRwCMUSphinx/arabicASRDatabase/falignout/arabicASRDatabase.alignedfiles
-diagfull	no		no
-dictfn				/Users/imano/Desktop/Internships/MADA/arabicASRwCMUSphinx/arabicASRDatabase/etc/arabicASRDatabase.dic
-example	no		no
-fdictfn			/Users/imano/Desktop/Internships/MADA/arabicASRwCMUSphinx/arabicASRDatabase/etc/arabicASRDatabase.filler
-feat		1s_c_d_dd	1s_c_d_dd
-fullvar	no		no
-help		no		no
-hmmdir				
-latdir				
-latext				
-lda				
-ldadim		0		0
-lsnfn				/Users/imano/Desktop/Internships/MADA/arabicASRwCMUSphinx/arabicASRDatabase/falignout/arabicASRDatabase.alignedtranscripts
-lw		11.5		1.150000e+01
-maxuttlen	0		0
-meanfn				/Users/imano/Desktop/Internships/MADA/arabicASRwCMUSphinx/arabicASRDatabase/model_parameters/arabicASRDatabase.cd_cont_initial/means
-meanreest	yes		yes
-mixwfn				/Users/imano/Desktop/Internships/MADA/arabicASRwCMUSphinx/arabicASRDatabase/model_parameters/arabicASRDatabase.cd_cont_initial/mixture_weights
-mixwreest	yes		yes
-mllrmat			
-mmie		no		no
-mmie_type	rand		rand
-moddeffn			/Users/imano/Desktop/Internships/MADA/arabicASRwCMUSphinx/arabicASRDatabase/model_architecture/arabicASRDatabase.200.mdef
-mwfloor	0.00001		1.000000e-05
-npart				1
-nskip				0
-outphsegdir			
-outputfullpath	no		no
-part				1
-pdumpdir			
-phsegdir			
-phsegext	phseg		phseg
-runlen		-1		-1
-sentdir			
-sentext	sent		sent
-spthresh	0.0		0.000000e+00
-svspec				
-timing		yes		no
-tmatfn				/Users/imano/Desktop/Internships/MADA/arabicASRwCMUSphinx/arabicASRDatabase/model_parameters/arabicASRDatabase.cd_cont_initial/transition_matrices
-tmatreest	yes		yes
-topn		4		1
-tpfloor	0.0001		1.000000e-05
-ts2cbfn			.cont.
-varfloor	0.00001		1.000000e-04
-varfn				/Users/imano/Desktop/Internships/MADA/arabicASRwCMUSphinx/arabicASRDatabase/model_parameters/arabicASRDatabase.cd_cont_initial/variances
-varnorm	no		no
-varreest	yes		yes
-viterbi	no		no

INFO: feat.c(715): Initializing feature stream to type: '1s_c_d_dd', ceplen=13, CMN='batch', VARNORM='no', AGC='none'
INFO: main.c(290): Reading /Users/imano/Desktop/Internships/MADA/arabicASRwCMUSphinx/arabicASRDatabase/model_architecture/arabicASRDatabase.200.mdef
ERROR: "model_def_io.c", line 413: Unable to open /Users/imano/Desktop/Internships/MADA/arabicASRwCMUSphinx/arabicASRDatabase/model_architecture/arabicASRDatabase.200.mdef for reading: No such file or directory
FATAL: "main.c", line 1812: initialization failed
Sun Dec 25 11:52:15 2022
