Current configuration:
[NAME]		[DEFLT]	[VALUE]
-dictfn			/Users/imano/Desktop/Internships/MADA/arabicASRwCMUSphinx/arabicASRDatabase/etc/arabicASRDatabase.dic
-example	no	no
-fdictfn		/Users/imano/Desktop/Internships/MADA/arabicASRwCMUSphinx/arabicASRDatabase/etc/arabicASRDatabase.filler
-help		no	no
-ignorewpos	no	no
-inCDmdef		
-inCImdef		
-lsnfn			/Users/imano/Desktop/Internships/MADA/arabicASRwCMUSphinx/arabicASRDatabase/falignout/arabicASRDatabase.alignedtranscripts
-maxtriphones	100000	100000
-minocc		1	1
-n_state_pm	3	3
-oalltphnmdef		
-ocimdef		
-ocountfn		
-ountiedmdef		/Users/imano/Desktop/Internships/MADA/arabicASRwCMUSphinx/arabicASRDatabase/model_architecture/arabicASRDatabase.untied.mdef
-phnlstfn		/Users/imano/Desktop/Internships/MADA/arabicASRwCMUSphinx/arabicASRDatabase/etc/arabicASRDatabase.phone
-triphnlstfn		

INFO: main.c(95): Will write untied mdef file /Users/imano/Desktop/Internships/MADA/arabicASRwCMUSphinx/arabicASRDatabase/model_architecture/arabicASRDatabase.untied.mdef
INFO: mk_mdef_gen.c(189): 0 single word triphones in input phone list
INFO: mk_mdef_gen.c(190): 0 word beginning triphones in input phone list
INFO: mk_mdef_gen.c(191): 0 word internal triphones in input phone list
INFO: mk_mdef_gen.c(192): 0 word ending triphones in input phone list
INFO: mk_mdef_gen.c(280): Reading dict /Users/imano/Desktop/Internships/MADA/arabicASRwCMUSphinx/arabicASRDatabase/etc/arabicASRDatabase.dic
INFO: mk_mdef_gen.c(322): 15552 words in dict /Users/imano/Desktop/Internships/MADA/arabicASRwCMUSphinx/arabicASRDatabase/etc/arabicASRDatabase.dic
INFO: mk_mdef_gen.c(280): Reading dict /Users/imano/Desktop/Internships/MADA/arabicASRwCMUSphinx/arabicASRDatabase/etc/arabicASRDatabase.filler
INFO: mk_mdef_gen.c(322): 3 words in dict /Users/imano/Desktop/Internships/MADA/arabicASRwCMUSphinx/arabicASRDatabase/etc/arabicASRDatabase.filler
INFO: mk_mdef_gen.c(442): 15555 words in dictionary
INFO: mk_mdef_gen.c(443): 20196 unique single word triphones in dictionary
INFO: mk_mdef_gen.c(444): 19754 unique word beginning triphones in dictionary
INFO: mk_mdef_gen.c(445): 6419 unique word internal triphones in dictionary
INFO: mk_mdef_gen.c(446): 19239 unique word ending triphones in dictionary
INFO: mk_mdef_gen.c(479): Out of vocabulary words in transcript will be mapped to SIL!
INFO: mk_mdef_gen.c(593): 49055 words in transcripts
INFO: mk_mdef_gen.c(594): 0 single word triphones in transcripts
INFO: mk_mdef_gen.c(595): 11276 word beginning triphones in transcripts
INFO: mk_mdef_gen.c(596): 26456 word internal triphones in transcripts
INFO: mk_mdef_gen.c(597): 11276 word ending triphones in transcripts
INFO: mk_mdef_gen.c(640): 49008 triphones extracted from transcripts
INFO: mk_mdef_gen.c(641): 162 unique triphones extracted from transcripts
INFO: mk_mdef_gen.c(642): 0 triphones occur once in the transcripts
INFO: mk_mdef_gen.c(643): 0 triphones occur twice in the transcripts
INFO: mk_mdef_gen.c(644): 0 triphones occur thrice in the transcripts
INFO: mk_mdef_gen.c(645): The rest of the triphones occur more than three times
INFO: mk_mdef_gen.c(646): Count threshold is 1
INFO: mk_mdef_gen.c(897): 36 n_base, 162 n_tri
INFO: mk_mdef_gen.c(969): Wrote mdef file /Users/imano/Desktop/Internships/MADA/arabicASRwCMUSphinx/arabicASRDatabase/model_architecture/arabicASRDatabase.untied.mdef
Sun Dec 25 11:51:44 2022
