Current configuration:
[NAME]		[DEFLT]	[VALUE]
-dest_meanfn		/Users/imano/Desktop/Internships/MADA/arabicASRwCMUSphinx/arabicASRDatabase/model_parameters/arabicASRDatabase.cd_cont_untied/means
-dest_mixwfn		/Users/imano/Desktop/Internships/MADA/arabicASRwCMUSphinx/arabicASRDatabase/model_parameters/arabicASRDatabase.cd_cont_untied/mixture_weights
-dest_moddeffn		/Users/imano/Desktop/Internships/MADA/arabicASRwCMUSphinx/arabicASRDatabase/model_architecture/arabicASRDatabase.untied.mdef
-dest_tmatfn		/Users/imano/Desktop/Internships/MADA/arabicASRwCMUSphinx/arabicASRDatabase/model_parameters/arabicASRDatabase.cd_cont_untied/transition_matrices
-dest_ts2cbfn		.cont.
-dest_varfn		/Users/imano/Desktop/Internships/MADA/arabicASRwCMUSphinx/arabicASRDatabase/model_parameters/arabicASRDatabase.cd_cont_untied/variances
-example	no	no
-fullvar	no	no
-help		no	no
-src_meanfn		/Users/imano/Desktop/Internships/MADA/arabicASRwCMUSphinx/arabicASRDatabase/model_parameters/arabicASRDatabase.ci_cont/means
-src_mixwfn		/Users/imano/Desktop/Internships/MADA/arabicASRwCMUSphinx/arabicASRDatabase/model_parameters/arabicASRDatabase.ci_cont/mixture_weights
-src_moddeffn		/Users/imano/Desktop/Internships/MADA/arabicASRwCMUSphinx/arabicASRDatabase/model_architecture/arabicASRDatabase.ci.mdef
-src_tmatfn		/Users/imano/Desktop/Internships/MADA/arabicASRwCMUSphinx/arabicASRDatabase/model_parameters/arabicASRDatabase.ci_cont/transition_matrices
-src_ts2cbfn		.cont.
-src_varfn		/Users/imano/Desktop/Internships/MADA/arabicASRwCMUSphinx/arabicASRDatabase/model_parameters/arabicASRDatabase.ci_cont/variances

INFO: main.c(261): Reading src /Users/imano/Desktop/Internships/MADA/arabicASRwCMUSphinx/arabicASRDatabase/model_architecture/arabicASRDatabase.ci.mdef
INFO: model_def_io.c(573): Model definition info:
INFO: model_def_io.c(574): 36 total models defined (36 base, 0 tri)
INFO: model_def_io.c(575): 144 total states
INFO: model_def_io.c(576): 108 total tied states
INFO: model_def_io.c(577): 108 total tied CI states
INFO: model_def_io.c(578): 36 total tied transition matrices
INFO: model_def_io.c(579): 4 max state/model
INFO: model_def_io.c(580): 4 min state/model
INFO: main.c(278): Generating continous ts2cb mapping
INFO: main.c(299): Reading src /Users/imano/Desktop/Internships/MADA/arabicASRwCMUSphinx/arabicASRDatabase/model_parameters/arabicASRDatabase.ci_cont/mixture_weights
INFO: s3mixw_io.c(117): Read /Users/imano/Desktop/Internships/MADA/arabicASRwCMUSphinx/arabicASRDatabase/model_parameters/arabicASRDatabase.ci_cont/mixture_weights [108x1x1 array]
INFO: main.c(309): Reading src /Users/imano/Desktop/Internships/MADA/arabicASRwCMUSphinx/arabicASRDatabase/model_parameters/arabicASRDatabase.ci_cont/transition_matrices
INFO: s3tmat_io.c(118): Read /Users/imano/Desktop/Internships/MADA/arabicASRwCMUSphinx/arabicASRDatabase/model_parameters/arabicASRDatabase.ci_cont/transition_matrices [36x3x4 array]
INFO: main.c(318): Reading src /Users/imano/Desktop/Internships/MADA/arabicASRwCMUSphinx/arabicASRDatabase/model_parameters/arabicASRDatabase.ci_cont/means
INFO: s3gau_io.c(169): Read /Users/imano/Desktop/Internships/MADA/arabicASRwCMUSphinx/arabicASRDatabase/model_parameters/arabicASRDatabase.ci_cont/means [108x1x1 array]
INFO: main.c(342): Reading src /Users/imano/Desktop/Internships/MADA/arabicASRwCMUSphinx/arabicASRDatabase/model_parameters/arabicASRDatabase.ci_cont/variances
INFO: s3gau_io.c(169): Read /Users/imano/Desktop/Internships/MADA/arabicASRwCMUSphinx/arabicASRDatabase/model_parameters/arabicASRDatabase.ci_cont/variances [108x1x1 array]
INFO: main.c(391): Reading dest /Users/imano/Desktop/Internships/MADA/arabicASRwCMUSphinx/arabicASRDatabase/model_architecture/arabicASRDatabase.untied.mdef
INFO: model_def_io.c(573): Model definition info:
INFO: model_def_io.c(574): 198 total models defined (36 base, 162 tri)
INFO: model_def_io.c(575): 792 total states
INFO: model_def_io.c(576): 594 total tied states
INFO: model_def_io.c(577): 108 total tied CI states
INFO: model_def_io.c(578): 36 total tied transition matrices
INFO: model_def_io.c(579): 4 max state/model
INFO: model_def_io.c(580): 4 min state/model
INFO: main.c(407): Generating continous ts2cb mapping
INFO: main.c(431): Calculating initial model parameters
INFO: main.c(439): Alloc 36x3x4 dest tmat
INFO: main.c(450): Alloc 594x1x1 dest mixw
INFO: main.c(463): Alloc 594x1x1 dest mean and var
         ' <- '         : [tm     0 +=     0]
[mx     0(0) +=     0] [mg     0(0) <-     0] [mx     1(1) +=     1] [mg     1(1) <-     1] [mx     2(2) +=     2] [mg     2(2) <-     2] 
         < <- <         : [tm     1 +=     1]
[mx     3(0) +=     3] [mg     3(0) <-     3] [mx     4(1) +=     4] [mg     4(1) <-     4] [mx     5(2) +=     5] [mg     5(2) <-     5] 
         > <- >         : [tm     2 +=     2]
[mx     6(0) +=     6] [mg     6(0) <-     6] [mx     7(1) +=     7] [mg     7(1) <-     7] [mx     8(2) +=     8] [mg     8(2) <-     8] 
         A <- A         : [tm     3 +=     3]
[mx     9(0) +=     9] [mg     9(0) <-     9] [mx    10(1) +=    10] [mg    10(1) <-    10] [mx    11(2) +=    11] [mg    11(2) <-    11] 
         D <- D         : [tm     4 +=     4]
[mx    12(0) +=    12] [mg    12(0) <-    12] [mx    13(1) +=    13] [mg    13(1) <-    13] [mx    14(2) +=    14] [mg    14(2) <-    14] 
         E <- E         : [tm     5 +=     5]
[mx    15(0) +=    15] [mg    15(0) <-    15] [mx    16(1) +=    16] [mg    16(1) <-    16] [mx    17(2) +=    17] [mg    17(2) <-    17] 
         H <- H         : [tm     6 +=     6]
[mx    18(0) +=    18] [mg    18(0) <-    18] [mx    19(1) +=    19] [mg    19(1) <-    19] [mx    20(2) +=    20] [mg    20(2) <-    20] 
         S <- S         : [tm     7 +=     7]
[mx    21(0) +=    21] [mg    21(0) <-    21] [mx    22(1) +=    22] [mg    22(1) <-    22] [mx    23(2) +=    23] [mg    23(2) <-    23] 
       SIL <- SIL       : [tm     8 +=     8]
[mx    24(0) +=    24] [mg    24(0) <-    24] [mx    25(1) +=    25] [mg    25(1) <-    25] [mx    26(2) +=    26] [mg    26(2) <-    26] 
         T <- T         : [tm     9 +=     9]
[mx    27(0) +=    27] [mg    27(0) <-    27] [mx    28(1) +=    28] [mg    28(1) <-    28] [mx    29(2) +=    29] [mg    29(2) <-    29] 
         Y <- Y         : [tm    10 +=    10]
[mx    30(0) +=    30] [mg    30(0) <-    30] [mx    31(1) +=    31] [mg    31(1) <-    31] [mx    32(2) +=    32] [mg    32(2) <-    32] 
         Z <- Z         : [tm    11 +=    11]
[mx    33(0) +=    33] [mg    33(0) <-    33] [mx    34(1) +=    34] [mg    34(1) <-    34] [mx    35(2) +=    35] [mg    35(2) <-    35] 
         b <- b         : [tm    12 +=    12]
[mx    36(0) +=    36] [mg    36(0) <-    36] [mx    37(1) +=    37] [mg    37(1) <-    37] [mx    38(2) +=    38] [mg    38(2) <-    38] 
         d <- d         : [tm    13 +=    13]
[mx    39(0) +=    39] [mg    39(0) <-    39] [mx    40(1) +=    40] [mg    40(1) <-    40] [mx    41(2) +=    41] [mg    41(2) <-    41] 
         e <- e         : [tm    14 +=    14]
[mx    42(0) +=    42] [mg    42(0) <-    42] [mx    43(1) +=    43] [mg    43(1) <-    43] [mx    44(2) +=    44] [mg    44(2) <-    44] 
         f <- f         : [tm    15 +=    15]
[mx    45(0) +=    45] [mg    45(0) <-    45] [mx    46(1) +=    46] [mg    46(1) <-    46] [mx    47(2) +=    47] [mg    47(2) <-    47] 
         g <- g         : [tm    16 +=    16]
[mx    48(0) +=    48] [mg    48(0) <-    48] [mx    49(1) +=    49] [mg    49(1) <-    49] [mx    50(2) +=    50] [mg    50(2) <-    50] 
         h <- h         : [tm    17 +=    17]
[mx    51(0) +=    51] [mg    51(0) <-    51] [mx    52(1) +=    52] [mg    52(1) <-    52] [mx    53(2) +=    53] [mg    53(2) <-    53] 
         j <- j         : [tm    18 +=    18]
[mx    54(0) +=    54] [mg    54(0) <-    54] [mx    55(1) +=    55] [mg    55(1) <-    55] [mx    56(2) +=    56] [mg    56(2) <-    56] 
         k <- k         : [tm    19 +=    19]
[mx    57(0) +=    57] [mg    57(0) <-    57] [mx    58(1) +=    58] [mg    58(1) <-    58] [mx    59(2) +=    59] [mg    59(2) <-    59] 
         l <- l         : [tm    20 +=    20]
[mx    60(0) +=    60] [mg    60(0) <-    60] [mx    61(1) +=    61] [mg    61(1) <-    61] [mx    62(2) +=    62] [mg    62(2) <-    62] 
         m <- m         : [tm    21 +=    21]
[mx    63(0) +=    63] [mg    63(0) <-    63] [mx    64(1) +=    64] [mg    64(1) <-    64] [mx    65(2) +=    65] [mg    65(2) <-    65] 
         n <- n         : [tm    22 +=    22]
[mx    66(0) +=    66] [mg    66(0) <-    66] [mx    67(1) +=    67] [mg    67(1) <-    67] [mx    68(2) +=    68] [mg    68(2) <-    68] 
         o <- o         : [tm    23 +=    23]
[mx    69(0) +=    69] [mg    69(0) <-    69] [mx    70(1) +=    70] [mg    70(1) <-    70] [mx    71(2) +=    71] [mg    71(2) <-    71] 
         p <- p         : [tm    24 +=    24]
[mx    72(0) +=    72] [mg    72(0) <-    72] [mx    73(1) +=    73] [mg    73(1) <-    73] [mx    74(2) +=    74] [mg    74(2) <-    74] 
         q <- q         : [tm    25 +=    25]
[mx    75(0) +=    75] [mg    75(0) <-    75] [mx    76(1) +=    76] [mg    76(1) <-    76] [mx    77(2) +=    77] [mg    77(2) <-    77] 
         r <- r         : [tm    26 +=    26]
[mx    78(0) +=    78] [mg    78(0) <-    78] [mx    79(1) +=    79] [mg    79(1) <-    79] [mx    80(2) +=    80] [mg    80(2) <-    80] 
         s <- s         : [tm    27 +=    27]
[mx    81(0) +=    81] [mg    81(0) <-    81] [mx    82(1) +=    82] [mg    82(1) <-    82] [mx    83(2) +=    83] [mg    83(2) <-    83] 
        sh <- sh        : [tm    28 +=    28]
[mx    84(0) +=    84] [mg    84(0) <-    84] [mx    85(1) +=    85] [mg    85(1) <-    85] [mx    86(2) +=    86] [mg    86(2) <-    86] 
         t <- t         : [tm    29 +=    29]
[mx    87(0) +=    87] [mg    87(0) <-    87] [mx    88(1) +=    88] [mg    88(1) <-    88] [mx    89(2) +=    89] [mg    89(2) <-    89] 
        th <- th        : [tm    30 +=    30]
[mx    90(0) +=    90] [mg    90(0) <-    90] [mx    91(1) +=    91] [mg    91(1) <-    91] [mx    92(2) +=    92] [mg    92(2) <-    92] 
         v <- v         : [tm    31 +=    31]
[mx    93(0) +=    93] [mg    93(0) <-    93] [mx    94(1) +=    94] [mg    94(1) <-    94] [mx    95(2) +=    95] [mg    95(2) <-    95] 
         w <- w         : [tm    32 +=    32]
[mx    96(0) +=    96] [mg    96(0) <-    96] [mx    97(1) +=    97] [mg    97(1) <-    97] [mx    98(2) +=    98] [mg    98(2) <-    98] 
         x <- x         : [tm    33 +=    33]
[mx    99(0) +=    99] [mg    99(0) <-    99] [mx   100(1) +=   100] [mg   100(1) <-   100] [mx   101(2) +=   101] [mg   101(2) <-   101] 
         y <- y         : [tm    34 +=    34]
[mx   102(0) +=   102] [mg   102(0) <-   102] [mx   103(1) +=   103] [mg   103(1) <-   103] [mx   104(2) +=   104] [mg   104(2) <-   104] 
         z <- z         : [tm    35 +=    35]
[mx   105(0) +=   105] [mg   105(0) <-   105] [mx   106(1) +=   106] [mg   106(1) <-   106] [mx   107(2) +=   107] [mg   107(2) <-   107] 
 ' A SIL e <- '         : [mx   108(0) +=     0] [mg   108(0) <-     0] [mx   109(1) +=     1] [mg   109(1) <-     1] [mx   110(2) +=     2] [mg   110(2) <-     2] 
 ' d SIL e <- '         : [mx   111(0) +=     0] [mg   111(0) <-     0] [mx   112(1) +=     1] [mg   112(1) <-     1] [mx   113(2) +=     2] [mg   113(2) <-     2] 
 < SIL b b <- <         : [mx   114(0) +=     3] [mg   114(0) <-     3] [mx   115(1) +=     4] [mg   115(1) <-     4] [mx   116(2) +=     5] [mg   116(2) <-     5] 
 < SIL d b <- <         : [mx   117(0) +=     3] [mg   117(0) <-     3] [mx   118(1) +=     4] [mg   118(1) <-     4] [mx   119(2) +=     5] [mg   119(2) <-     5] 
 < SIL g b <- <         : [mx   120(0) +=     3] [mg   120(0) <-     3] [mx   121(1) +=     4] [mg   121(1) <-     4] [mx   122(2) +=     5] [mg   122(2) <-     5] 
 < SIL l b <- <         : [mx   123(0) +=     3] [mg   123(0) <-     3] [mx   124(1) +=     4] [mg   124(1) <-     4] [mx   125(2) +=     5] [mg   125(2) <-     5] 
 < SIL r b <- <         : [mx   126(0) +=     3] [mg   126(0) <-     3] [mx   127(1) +=     4] [mg   127(1) <-     4] [mx   128(2) +=     5] [mg   128(2) <-     5] 
 < SIL s b <- <         : [mx   129(0) +=     3] [mg   129(0) <-     3] [mx   130(1) +=     4] [mg   130(1) <-     4] [mx   131(2) +=     5] [mg   131(2) <-     5] 
 < SIL v b <- <         : [mx   132(0) +=     3] [mg   132(0) <-     3] [mx   133(1) +=     4] [mg   133(1) <-     4] [mx   134(2) +=     5] [mg   134(2) <-     5] 
 > SIL E b <- >         : [mx   135(0) +=     6] [mg   135(0) <-     6] [mx   136(1) +=     7] [mg   136(1) <-     7] [mx   137(2) +=     8] [mg   137(2) <-     8] 
 > SIL m b <- >         : [mx   138(0) +=     6] [mg   138(0) <-     6] [mx   139(1) +=     7] [mg   139(1) <-     7] [mx   140(2) +=     8] [mg   140(2) <-     8] 
 > SIL r b <- >         : [mx   141(0) +=     6] [mg   141(0) <-     6] [mx   142(1) +=     7] [mg   142(1) <-     7] [mx   143(2) +=     8] [mg   143(2) <-     8] 
 > SIL s b <- >         : [mx   144(0) +=     6] [mg   144(0) <-     6] [mx   145(1) +=     7] [mg   145(1) <-     7] [mx   146(2) +=     8] [mg   146(2) <-     8] 
 A SIL t b <- A         : [mx   147(0) +=     9] [mg   147(0) <-     9] [mx   148(1) +=    10] [mg   148(1) <-    10] [mx   149(2) +=    11] [mg   149(2) <-    11] 
   A b l i <- A         : [mx   150(0) +=     9] [mg   150(0) <-     9] [mx   151(1) +=    10] [mg   151(1) <-    10] [mx   152(2) +=    11] [mg   152(2) <-    11] 
   A g ' i <- A         : [mx   153(0) +=     9] [mg   153(0) <-     9] [mx   154(1) +=    10] [mg   154(1) <-    10] [mx   155(2) +=    11] [mg   155(2) <-    11] 
   A j h i <- A         : [mx   156(0) +=     9] [mg   156(0) <-     9] [mx   157(1) +=    10] [mg   157(1) <-    10] [mx   158(2) +=    11] [mg   158(2) <-    11] 
   A l ' i <- A         : [mx   159(0) +=     9] [mg   159(0) <-     9] [mx   160(1) +=    10] [mg   160(1) <-    10] [mx   161(2) +=    11] [mg   161(2) <-    11] 
 A l SIL e <- A         : [mx   162(0) +=     9] [mg   162(0) <-     9] [mx   163(1) +=    10] [mg   163(1) <-    10] [mx   164(2) +=    11] [mg   164(2) <-    11] 
   A l v i <- A         : [mx   165(0) +=     9] [mg   165(0) <-     9] [mx   166(1) +=    10] [mg   166(1) <-    10] [mx   167(2) +=    11] [mg   167(2) <-    11] 
   A m m i <- A         : [mx   168(0) +=     9] [mg   168(0) <-     9] [mx   169(1) +=    10] [mg   169(1) <-    10] [mx   170(2) +=    11] [mg   170(2) <-    11] 
   A m n i <- A         : [mx   171(0) +=     9] [mg   171(0) <-     9] [mx   172(1) +=    10] [mg   172(1) <-    10] [mx   173(2) +=    11] [mg   173(2) <-    11] 
   A n n i <- A         : [mx   174(0) +=     9] [mg   174(0) <-     9] [mx   175(1) +=    10] [mg   175(1) <-    10] [mx   176(2) +=    11] [mg   176(2) <-    11] 
   A r t i <- A         : [mx   177(0) +=     9] [mg   177(0) <-     9] [mx   178(1) +=    10] [mg   178(1) <-    10] [mx   179(2) +=    11] [mg   179(2) <-    11] 
   A s b i <- A         : [mx   180(0) +=     9] [mg   180(0) <-     9] [mx   181(1) +=    10] [mg   181(1) <-    10] [mx   182(2) +=    11] [mg   182(2) <-    11] 
   A s l i <- A         : [mx   183(0) +=     9] [mg   183(0) <-     9] [mx   184(1) +=    10] [mg   184(1) <-    10] [mx   185(2) +=    11] [mg   185(2) <-    11] 
   A s r i <- A         : [mx   186(0) +=     9] [mg   186(0) <-     9] [mx   187(1) +=    10] [mg   187(1) <-    10] [mx   188(2) +=    11] [mg   188(2) <-    11] 
   A t l i <- A         : [mx   189(0) +=     9] [mg   189(0) <-     9] [mx   190(1) +=    10] [mg   190(1) <-    10] [mx   191(2) +=    11] [mg   191(2) <-    11] 
   A w H i <- A         : [mx   192(0) +=     9] [mg   192(0) <-     9] [mx   193(1) +=    10] [mg   193(1) <-    10] [mx   194(2) +=    11] [mg   194(2) <-    11] 
   A w f i <- A         : [mx   195(0) +=     9] [mg   195(0) <-     9] [mx   196(1) +=    10] [mg   196(1) <-    10] [mx   197(2) +=    11] [mg   197(2) <-    11] 
   A x l i <- A         : [mx   198(0) +=     9] [mg   198(0) <-     9] [mx   199(1) +=    10] [mg   199(1) <-    10] [mx   200(2) +=    11] [mg   200(2) <-    11] 
   A y r i <- A         : [mx   201(0) +=     9] [mg   201(0) <-     9] [mx   202(1) +=    10] [mg   202(1) <-    10] [mx   203(2) +=    11] [mg   203(2) <-    11] 
   E > l i <- E         : [mx   204(0) +=    15] [mg   204(0) <-    15] [mx   205(1) +=    16] [mg   205(1) <-    16] [mx   206(2) +=    17] [mg   206(2) <-    17] 
   E b p i <- E         : [mx   207(0) +=    15] [mg   207(0) <-    15] [mx   208(1) +=    16] [mg   208(1) <-    16] [mx   209(2) +=    17] [mg   209(2) <-    17] 
   E f y i <- E         : [mx   210(0) +=    15] [mg   210(0) <-    15] [mx   211(1) +=    16] [mg   211(1) <-    16] [mx   212(2) +=    17] [mg   212(2) <-    17] 
 E j SIL e <- E         : [mx   213(0) +=    15] [mg   213(0) <-    15] [mx   214(1) +=    16] [mg   214(1) <-    16] [mx   215(2) +=    17] [mg   215(2) <-    17] 
   E n m i <- E         : [mx   216(0) +=    15] [mg   216(0) <-    15] [mx   217(1) +=    16] [mg   217(1) <-    16] [mx   218(2) +=    17] [mg   218(2) <-    17] 
   E s p i <- E         : [mx   219(0) +=    15] [mg   219(0) <-    15] [mx   220(1) +=    16] [mg   220(1) <-    16] [mx   221(2) +=    17] [mg   221(2) <-    17] 
   E t T i <- E         : [mx   222(0) +=    15] [mg   222(0) <-    15] [mx   223(1) +=    16] [mg   223(1) <-    16] [mx   224(2) +=    17] [mg   224(2) <-    17] 
   H A d i <- H         : [mx   225(0) +=    18] [mg   225(0) <-    18] [mx   226(1) +=    19] [mg   226(1) <-    19] [mx   227(2) +=    20] [mg   227(2) <-    20] 
 H t SIL e <- H         : [mx   228(0) +=    18] [mg   228(0) <-    18] [mx   229(1) +=    19] [mg   229(1) <-    19] [mx   230(2) +=    20] [mg   230(2) <-    20] 
   H t r i <- H         : [mx   231(0) +=    18] [mg   231(0) <-    18] [mx   232(1) +=    19] [mg   232(1) <-    19] [mx   233(2) +=    20] [mg   233(2) <-    20] 
 S SIL f b <- S         : [mx   234(0) +=    21] [mg   234(0) <-    21] [mx   235(1) +=    22] [mg   235(1) <-    22] [mx   236(2) +=    23] [mg   236(2) <-    23] 
   S t g i <- S         : [mx   237(0) +=    21] [mg   237(0) <-    21] [mx   238(1) +=    22] [mg   238(1) <-    22] [mx   239(2) +=    23] [mg   239(2) <-    23] 
   T E y i <- T         : [mx   240(0) +=    27] [mg   240(0) <-    27] [mx   241(1) +=    28] [mg   241(1) <-    28] [mx   242(2) +=    29] [mg   242(2) <-    29] 
 Y l SIL e <- Y         : [mx   243(0) +=    30] [mg   243(0) <-    30] [mx   244(1) +=    31] [mg   244(1) <-    31] [mx   245(2) +=    32] [mg   245(2) <-    32] 
   b < d i <- b         : [mx   246(0) +=    36] [mg   246(0) <-    36] [mx   247(1) +=    37] [mg   247(1) <-    37] [mx   248(2) +=    38] [mg   248(2) <-    38] 
   b A q i <- b         : [mx   249(0) +=    36] [mg   249(0) <-    36] [mx   250(1) +=    37] [mg   250(1) <-    37] [mx   251(2) +=    38] [mg   251(2) <-    38] 
   b k y i <- b         : [mx   252(0) +=    36] [mg   252(0) <-    36] [mx   253(1) +=    37] [mg   253(1) <-    37] [mx   254(2) +=    38] [mg   254(2) <-    38] 
   b q A i <- b         : [mx   255(0) +=    36] [mg   255(0) <-    36] [mx   256(1) +=    37] [mg   256(1) <-    37] [mx   257(2) +=    38] [mg   257(2) <-    38] 
   b r E i <- b         : [mx   258(0) +=    36] [mg   258(0) <-    36] [mx   259(1) +=    37] [mg   259(1) <-    37] [mx   260(2) +=    38] [mg   260(2) <-    38] 
   b s E i <- b         : [mx   261(0) +=    36] [mg   261(0) <-    36] [mx   262(1) +=    37] [mg   262(1) <-    37] [mx   263(2) +=    38] [mg   263(2) <-    38] 
   d < x i <- d         : [mx   264(0) +=    39] [mg   264(0) <-    39] [mx   265(1) +=    40] [mg   265(1) <-    40] [mx   266(2) +=    41] [mg   266(2) <-    41] 
 d H SIL e <- d         : [mx   267(0) +=    39] [mg   267(0) <-    39] [mx   268(1) +=    40] [mg   268(1) <-    40] [mx   269(2) +=    41] [mg   269(2) <-    41] 
   d b ' i <- d         : [mx   270(0) +=    39] [mg   270(0) <-    39] [mx   271(1) +=    40] [mg   271(1) <-    40] [mx   272(2) +=    41] [mg   272(2) <-    41] 
   d t w i <- d         : [mx   273(0) +=    39] [mg   273(0) <-    39] [mx   274(1) +=    40] [mg   274(1) <-    40] [mx   275(2) +=    41] [mg   275(2) <-    41] 
   f A q i <- f         : [mx   276(0) +=    45] [mg   276(0) <-    45] [mx   277(1) +=    46] [mg   277(1) <-    46] [mx   278(2) +=    47] [mg   278(2) <-    47] 
   f S r i <- f         : [mx   279(0) +=    45] [mg   279(0) <-    45] [mx   280(1) +=    46] [mg   280(1) <-    46] [mx   281(2) +=    47] [mg   281(2) <-    47] 
 f SIL t b <- f         : [mx   282(0) +=    45] [mg   282(0) <-    45] [mx   283(1) +=    46] [mg   283(1) <-    46] [mx   284(2) +=    47] [mg   284(2) <-    47] 
 f l SIL e <- f         : [mx   285(0) +=    45] [mg   285(0) <-    45] [mx   286(1) +=    46] [mg   286(1) <-    46] [mx   287(2) +=    47] [mg   287(2) <-    47] 
 f q SIL e <- f         : [mx   288(0) +=    45] [mg   288(0) <-    45] [mx   289(1) +=    46] [mg   289(1) <-    46] [mx   290(2) +=    47] [mg   290(2) <-    47] 
   f s l i <- f         : [mx   291(0) +=    45] [mg   291(0) <-    45] [mx   292(1) +=    46] [mg   292(1) <-    46] [mx   293(2) +=    47] [mg   293(2) <-    47] 
   f t E i <- f         : [mx   294(0) +=    45] [mg   294(0) <-    45] [mx   295(1) +=    46] [mg   295(1) <-    46] [mx   296(2) +=    47] [mg   296(2) <-    47] 
   g < l i <- g         : [mx   297(0) +=    48] [mg   297(0) <-    48] [mx   298(1) +=    49] [mg   298(1) <-    49] [mx   299(2) +=    50] [mg   299(2) <-    50] 
   g S y i <- g         : [mx   300(0) +=    48] [mg   300(0) <-    48] [mx   301(1) +=    49] [mg   301(1) <-    49] [mx   302(2) +=    50] [mg   302(2) <-    50] 
   g l A i <- g         : [mx   303(0) +=    48] [mg   303(0) <-    48] [mx   304(1) +=    49] [mg   304(1) <-    49] [mx   305(2) +=    50] [mg   305(2) <-    50] 
 h A SIL e <- h         : [mx   306(0) +=    51] [mg   306(0) <-    51] [mx   307(1) +=    52] [mg   307(1) <-    52] [mx   308(2) +=    53] [mg   308(2) <-    53] 
   j r E i <- j         : [mx   309(0) +=    54] [mg   309(0) <-    54] [mx   310(1) +=    55] [mg   310(1) <-    55] [mx   311(2) +=    56] [mg   311(2) <-    56] 
   j s y i <- j         : [mx   312(0) +=    54] [mg   312(0) <-    54] [mx   313(1) +=    55] [mg   313(1) <-    55] [mx   314(2) +=    56] [mg   314(2) <-    56] 
   j t A i <- j         : [mx   315(0) +=    54] [mg   315(0) <-    54] [mx   316(1) +=    55] [mg   316(1) <-    55] [mx   317(2) +=    56] [mg   317(2) <-    56] 
   k t b i <- k         : [mx   318(0) +=    57] [mg   318(0) <-    57] [mx   319(1) +=    58] [mg   319(1) <-    58] [mx   320(2) +=    59] [mg   320(2) <-    59] 
 k y SIL e <- k         : [mx   321(0) +=    57] [mg   321(0) <-    57] [mx   322(1) +=    58] [mg   322(1) <-    58] [mx   323(2) +=    59] [mg   323(2) <-    59] 
   l < g i <- l         : [mx   324(0) +=    60] [mg   324(0) <-    60] [mx   325(1) +=    61] [mg   325(1) <-    61] [mx   326(2) +=    62] [mg   326(2) <-    62] 
 l A SIL e <- l         : [mx   327(0) +=    60] [mg   327(0) <-    60] [mx   328(1) +=    61] [mg   328(1) <-    61] [mx   329(2) +=    62] [mg   329(2) <-    62] 
   l A y i <- l         : [mx   330(0) +=    60] [mg   330(0) <-    60] [mx   331(1) +=    61] [mg   331(1) <-    61] [mx   332(2) +=    62] [mg   332(2) <-    62] 
   l E Y i <- l         : [mx   333(0) +=    60] [mg   333(0) <-    60] [mx   334(1) +=    61] [mg   334(1) <-    61] [mx   335(2) +=    62] [mg   335(2) <-    62] 
 l SIL A b <- l         : [mx   336(0) +=    60] [mg   336(0) <-    60] [mx   337(1) +=    61] [mg   337(1) <-    61] [mx   338(2) +=    62] [mg   338(2) <-    62] 
 l f SIL e <- l         : [mx   339(0) +=    60] [mg   339(0) <-    60] [mx   340(1) +=    61] [mg   340(1) <-    61] [mx   341(2) +=    62] [mg   341(2) <-    62] 
   l g A i <- l         : [mx   342(0) +=    60] [mg   342(0) <-    60] [mx   343(1) +=    61] [mg   343(1) <-    61] [mx   344(2) +=    62] [mg   344(2) <-    62] 
   l v A i <- l         : [mx   345(0) +=    60] [mg   345(0) <-    60] [mx   346(1) +=    61] [mg   346(1) <-    61] [mx   347(2) +=    62] [mg   347(2) <-    62] 
   l x f i <- l         : [mx   348(0) +=    60] [mg   348(0) <-    60] [mx   349(1) +=    61] [mg   349(1) <-    61] [mx   350(2) +=    62] [mg   350(2) <-    62] 
 l y SIL e <- l         : [mx   351(0) +=    60] [mg   351(0) <-    60] [mx   352(1) +=    61] [mg   352(1) <-    61] [mx   353(2) +=    62] [mg   353(2) <-    62] 
   m > A i <- m         : [mx   354(0) +=    63] [mg   354(0) <-    63] [mx   355(1) +=    64] [mg   355(1) <-    64] [mx   356(2) +=    65] [mg   356(2) <-    65] 
 m A SIL e <- m         : [mx   357(0) +=    63] [mg   357(0) <-    63] [mx   358(1) +=    64] [mg   358(1) <-    64] [mx   359(2) +=    65] [mg   359(2) <-    65] 
 m E SIL e <- m         : [mx   360(0) +=    63] [mg   360(0) <-    63] [mx   361(1) +=    64] [mg   361(1) <-    64] [mx   362(2) +=    65] [mg   362(2) <-    65] 
 m q SIL e <- m         : [mx   363(0) +=    63] [mg   363(0) <-    63] [mx   364(1) +=    64] [mg   364(1) <-    64] [mx   365(2) +=    65] [mg   365(2) <-    65] 
   m v A i <- m         : [mx   366(0) +=    63] [mg   366(0) <-    63] [mx   367(1) +=    64] [mg   367(1) <-    64] [mx   368(2) +=    65] [mg   368(2) <-    65] 
   m x s i <- m         : [mx   369(0) +=    63] [mg   369(0) <-    63] [mx   370(1) +=    64] [mg   370(1) <-    64] [mx   371(2) +=    65] [mg   371(2) <-    65] 
   m y y i <- m         : [mx   372(0) +=    63] [mg   372(0) <-    63] [mx   373(1) +=    64] [mg   373(1) <-    64] [mx   374(2) +=    65] [mg   374(2) <-    65] 
 n A SIL e <- n         : [mx   375(0) +=    66] [mg   375(0) <-    66] [mx   376(1) +=    67] [mg   376(1) <-    67] [mx   377(2) +=    68] [mg   377(2) <-    68] 
   n A y i <- n         : [mx   378(0) +=    66] [mg   378(0) <-    66] [mx   379(1) +=    67] [mg   379(1) <-    67] [mx   380(2) +=    68] [mg   380(2) <-    68] 
 n SIL E b <- n         : [mx   381(0) +=    66] [mg   381(0) <-    66] [mx   382(1) +=    67] [mg   382(1) <-    67] [mx   383(2) +=    68] [mg   383(2) <-    68] 
   n v A i <- n         : [mx   384(0) +=    66] [mg   384(0) <-    66] [mx   385(1) +=    67] [mg   385(1) <-    67] [mx   386(2) +=    68] [mg   386(2) <-    68] 
 n y SIL e <- n         : [mx   387(0) +=    66] [mg   387(0) <-    66] [mx   388(1) +=    67] [mg   388(1) <-    67] [mx   389(2) +=    68] [mg   389(2) <-    68] 
 p E SIL e <- p         : [mx   390(0) +=    72] [mg   390(0) <-    72] [mx   391(1) +=    73] [mg   391(1) <-    73] [mx   392(2) +=    74] [mg   392(2) <-    74] 
 p s SIL e <- p         : [mx   393(0) +=    72] [mg   393(0) <-    72] [mx   394(1) +=    73] [mg   394(1) <-    73] [mx   395(2) +=    74] [mg   395(2) <-    74] 
 p t SIL e <- p         : [mx   396(0) +=    72] [mg   396(0) <-    72] [mx   397(1) +=    73] [mg   397(1) <-    73] [mx   398(2) +=    74] [mg   398(2) <-    74] 
 p v SIL e <- p         : [mx   399(0) +=    72] [mg   399(0) <-    72] [mx   400(1) +=    73] [mg   400(1) <-    73] [mx   401(2) +=    74] [mg   401(2) <-    74] 
 p y SIL e <- p         : [mx   402(0) +=    72] [mg   402(0) <-    72] [mx   403(1) +=    73] [mg   403(1) <-    73] [mx   404(2) +=    74] [mg   404(2) <-    74] 
 q b SIL e <- q         : [mx   405(0) +=    75] [mg   405(0) <-    75] [mx   406(1) +=    76] [mg   406(1) <-    76] [mx   407(2) +=    77] [mg   407(2) <-    77] 
 q f SIL e <- q         : [mx   408(0) +=    75] [mg   408(0) <-    75] [mx   409(1) +=    76] [mg   409(1) <-    76] [mx   410(2) +=    77] [mg   410(2) <-    77] 
   q r m i <- q         : [mx   411(0) +=    75] [mg   411(0) <-    75] [mx   412(1) +=    76] [mg   412(1) <-    76] [mx   413(2) +=    77] [mg   413(2) <-    77] 
   q t b i <- q         : [mx   414(0) +=    75] [mg   414(0) <-    75] [mx   415(1) +=    76] [mg   415(1) <-    76] [mx   416(2) +=    77] [mg   416(2) <-    77] 
   q w f i <- q         : [mx   417(0) +=    75] [mg   417(0) <-    75] [mx   418(1) +=    76] [mg   418(1) <-    76] [mx   419(2) +=    77] [mg   419(2) <-    77] 
   r < s i <- r         : [mx   420(0) +=    78] [mg   420(0) <-    78] [mx   421(1) +=    79] [mg   421(1) <-    79] [mx   422(2) +=    80] [mg   422(2) <-    80] 
   r > b i <- r         : [mx   423(0) +=    78] [mg   423(0) <-    78] [mx   424(1) +=    79] [mg   424(1) <-    79] [mx   425(2) +=    80] [mg   425(2) <-    80] 
   r A A i <- r         : [mx   426(0) +=    78] [mg   426(0) <-    78] [mx   427(1) +=    79] [mg   427(1) <-    79] [mx   428(2) +=    80] [mg   428(2) <-    80] 
 r A SIL e <- r         : [mx   429(0) +=    78] [mg   429(0) <-    78] [mx   430(1) +=    79] [mg   430(1) <-    79] [mx   431(2) +=    80] [mg   431(2) <-    80] 
   r H y i <- r         : [mx   432(0) +=    78] [mg   432(0) <-    78] [mx   433(1) +=    79] [mg   433(1) <-    79] [mx   434(2) +=    80] [mg   434(2) <-    80] 
 r SIL q b <- r         : [mx   435(0) +=    78] [mg   435(0) <-    78] [mx   436(1) +=    79] [mg   436(1) <-    79] [mx   437(2) +=    80] [mg   437(2) <-    80] 
 r f SIL e <- r         : [mx   438(0) +=    78] [mg   438(0) <-    78] [mx   439(1) +=    79] [mg   439(1) <-    79] [mx   440(2) +=    80] [mg   440(2) <-    80] 
   r t j i <- r         : [mx   441(0) +=    78] [mg   441(0) <-    78] [mx   442(1) +=    79] [mg   442(1) <-    79] [mx   443(2) +=    80] [mg   443(2) <-    80] 
 r y SIL e <- r         : [mx   444(0) +=    78] [mg   444(0) <-    78] [mx   445(1) +=    79] [mg   445(1) <-    79] [mx   446(2) +=    80] [mg   446(2) <-    80] 
   s < t i <- s         : [mx   447(0) +=    81] [mg   447(0) <-    81] [mx   448(1) +=    82] [mg   448(1) <-    82] [mx   449(2) +=    83] [mg   449(2) <-    83] 
   s > f i <- s         : [mx   450(0) +=    81] [mg   450(0) <-    81] [mx   451(1) +=    82] [mg   451(1) <-    82] [mx   452(2) +=    83] [mg   452(2) <-    83] 
 s SIL A b <- s         : [mx   453(0) +=    81] [mg   453(0) <-    81] [mx   454(1) +=    82] [mg   454(1) <-    82] [mx   455(2) +=    83] [mg   455(2) <-    83] 
 s SIL b b <- s         : [mx   456(0) +=    81] [mg   456(0) <-    81] [mx   457(1) +=    82] [mg   457(1) <-    82] [mx   458(2) +=    83] [mg   458(2) <-    83] 
 s SIL t b <- s         : [mx   459(0) +=    81] [mg   459(0) <-    81] [mx   460(1) +=    82] [mg   460(1) <-    82] [mx   461(2) +=    83] [mg   461(2) <-    83] 
   s m p i <- s         : [mx   462(0) +=    81] [mg   462(0) <-    81] [mx   463(1) +=    82] [mg   463(1) <-    82] [mx   464(2) +=    83] [mg   464(2) <-    83] 
   s r A i <- s         : [mx   465(0) +=    81] [mg   465(0) <-    81] [mx   466(1) +=    82] [mg   466(1) <-    82] [mx   467(2) +=    83] [mg   467(2) <-    83] 
   s t E i <- s         : [mx   468(0) +=    81] [mg   468(0) <-    81] [mx   469(1) +=    82] [mg   469(1) <-    82] [mx   470(2) +=    83] [mg   470(2) <-    83] 
   s t j i <- s         : [mx   471(0) +=    81] [mg   471(0) <-    81] [mx   472(1) +=    82] [mg   472(1) <-    82] [mx   473(2) +=    83] [mg   473(2) <-    83] 
   s y A i <- s         : [mx   474(0) +=    81] [mg   474(0) <-    81] [mx   475(1) +=    82] [mg   475(1) <-    82] [mx   476(2) +=    83] [mg   476(2) <-    83] 
 t A SIL e <- t         : [mx   477(0) +=    87] [mg   477(0) <-    87] [mx   478(1) +=    88] [mg   478(1) <-    88] [mx   479(2) +=    89] [mg   479(2) <-    89] 
   t A j i <- t         : [mx   480(0) +=    87] [mg   480(0) <-    87] [mx   481(1) +=    88] [mg   481(1) <-    88] [mx   482(2) +=    89] [mg   482(2) <-    89] 
 t SIL A b <- t         : [mx   483(0) +=    87] [mg   483(0) <-    87] [mx   484(1) +=    88] [mg   484(1) <-    88] [mx   485(2) +=    89] [mg   485(2) <-    89] 
 t SIL E b <- t         : [mx   486(0) +=    87] [mg   486(0) <-    87] [mx   487(1) +=    88] [mg   487(1) <-    88] [mx   488(2) +=    89] [mg   488(2) <-    89] 
 t SIL H b <- t         : [mx   489(0) +=    87] [mg   489(0) <-    87] [mx   490(1) +=    88] [mg   490(1) <-    88] [mx   491(2) +=    89] [mg   491(2) <-    89] 
 t SIL S b <- t         : [mx   492(0) +=    87] [mg   492(0) <-    87] [mx   493(1) +=    88] [mg   493(1) <-    88] [mx   494(2) +=    89] [mg   494(2) <-    89] 
 t SIL d b <- t         : [mx   495(0) +=    87] [mg   495(0) <-    87] [mx   496(1) +=    88] [mg   496(1) <-    88] [mx   497(2) +=    89] [mg   497(2) <-    89] 
 t SIL f b <- t         : [mx   498(0) +=    87] [mg   498(0) <-    87] [mx   499(1) +=    88] [mg   499(1) <-    88] [mx   500(2) +=    89] [mg   500(2) <-    89] 
 t SIL k b <- t         : [mx   501(0) +=    87] [mg   501(0) <-    87] [mx   502(1) +=    88] [mg   502(1) <-    88] [mx   503(2) +=    89] [mg   503(2) <-    89] 
 t SIL r b <- t         : [mx   504(0) +=    87] [mg   504(0) <-    87] [mx   505(1) +=    88] [mg   505(1) <-    88] [mx   506(2) +=    89] [mg   506(2) <-    89] 
 t SIL s b <- t         : [mx   507(0) +=    87] [mg   507(0) <-    87] [mx   508(1) +=    88] [mg   508(1) <-    88] [mx   509(2) +=    89] [mg   509(2) <-    89] 
 t SIL w b <- t         : [mx   510(0) +=    87] [mg   510(0) <-    87] [mx   511(1) +=    88] [mg   511(1) <-    88] [mx   512(2) +=    89] [mg   512(2) <-    89] 
   t f H i <- t         : [mx   513(0) +=    87] [mg   513(0) <-    87] [mx   514(1) +=    88] [mg   514(1) <-    88] [mx   515(2) +=    89] [mg   515(2) <-    89] 
   t s p i <- t         : [mx   516(0) +=    87] [mg   516(0) <-    87] [mx   517(1) +=    88] [mg   517(1) <-    88] [mx   518(2) +=    89] [mg   518(2) <-    89] 
   t s q i <- t         : [mx   519(0) +=    87] [mg   519(0) <-    87] [mx   520(1) +=    88] [mg   520(1) <-    88] [mx   521(2) +=    89] [mg   521(2) <-    89] 
   v < n i <- v         : [mx   522(0) +=    93] [mg   522(0) <-    93] [mx   523(1) +=    94] [mg   523(1) <-    94] [mx   524(2) +=    95] [mg   524(2) <-    95] 
   v A p i <- v         : [mx   525(0) +=    93] [mg   525(0) <-    93] [mx   526(1) +=    94] [mg   526(1) <-    94] [mx   527(2) +=    95] [mg   527(2) <-    95] 
 v SIL l b <- v         : [mx   528(0) +=    93] [mg   528(0) <-    93] [mx   529(1) +=    94] [mg   529(1) <-    94] [mx   530(2) +=    95] [mg   530(2) <-    95] 
 v SIL m b <- v         : [mx   531(0) +=    93] [mg   531(0) <-    93] [mx   532(1) +=    94] [mg   532(1) <-    94] [mx   533(2) +=    95] [mg   533(2) <-    95] 
 w SIL A b <- w         : [mx   534(0) +=    96] [mg   534(0) <-    96] [mx   535(1) +=    97] [mg   535(1) <-    97] [mx   536(2) +=    98] [mg   536(2) <-    98] 
   w d y i <- w         : [mx   537(0) +=    96] [mg   537(0) <-    96] [mx   538(1) +=    97] [mg   538(1) <-    97] [mx   539(2) +=    98] [mg   539(2) <-    98] 
   w t q i <- w         : [mx   540(0) +=    96] [mg   540(0) <-    96] [mx   541(1) +=    97] [mg   541(1) <-    97] [mx   542(2) +=    98] [mg   542(2) <-    98] 
 x SIL l b <- x         : [mx   543(0) +=    99] [mg   543(0) <-    99] [mx   544(1) +=   100] [mg   544(1) <-   100] [mx   545(2) +=   101] [mg   545(2) <-   101] 
 x SIL m b <- x         : [mx   546(0) +=    99] [mg   546(0) <-    99] [mx   547(1) +=   100] [mg   547(1) <-   100] [mx   548(2) +=   101] [mg   548(2) <-   101] 
 x SIL y b <- x         : [mx   549(0) +=    99] [mg   549(0) <-    99] [mx   550(1) +=   100] [mg   550(1) <-   100] [mx   551(2) +=   101] [mg   551(2) <-   101] 
   x d A i <- x         : [mx   552(0) +=    99] [mg   552(0) <-    99] [mx   553(1) +=   100] [mg   553(1) <-   100] [mx   554(2) +=   101] [mg   554(2) <-   101] 
   y E l i <- y         : [mx   555(0) +=   102] [mg   555(0) <-   102] [mx   556(1) +=   103] [mg   556(1) <-   103] [mx   557(2) +=   104] [mg   557(2) <-   104] 
 y SIL m b <- y         : [mx   558(0) +=   102] [mg   558(0) <-   102] [mx   559(1) +=   103] [mg   559(1) <-   103] [mx   560(2) +=   104] [mg   560(2) <-   104] 
 y SIL s b <- y         : [mx   561(0) +=   102] [mg   561(0) <-   102] [mx   562(1) +=   103] [mg   562(1) <-   103] [mx   563(2) +=   104] [mg   563(2) <-   104] 
   y T l i <- y         : [mx   564(0) +=   102] [mg   564(0) <-   102] [mx   565(1) +=   103] [mg   565(1) <-   103] [mx   566(2) +=   104] [mg   566(2) <-   104] 
   y b r i <- y         : [mx   567(0) +=   102] [mg   567(0) <-   102] [mx   568(1) +=   103] [mg   568(1) <-   103] [mx   569(2) +=   104] [mg   569(2) <-   104] 
   y g r i <- y         : [mx   570(0) +=   102] [mg   570(0) <-   102] [mx   571(1) +=   103] [mg   571(1) <-   103] [mx   572(2) +=   104] [mg   572(2) <-   104] 
   y j l i <- y         : [mx   573(0) +=   102] [mg   573(0) <-   102] [mx   574(1) +=   103] [mg   574(1) <-   103] [mx   575(2) +=   104] [mg   575(2) <-   104] 
 y l SIL e <- y         : [mx   576(0) +=   102] [mg   576(0) <-   102] [mx   577(1) +=   103] [mg   577(1) <-   103] [mx   578(2) +=   104] [mg   578(2) <-   104] 
   y m n i <- y         : [mx   579(0) +=   102] [mg   579(0) <-   102] [mx   580(1) +=   103] [mg   580(1) <-   103] [mx   581(2) +=   104] [mg   581(2) <-   104] 
   y n p i <- y         : [mx   582(0) +=   102] [mg   582(0) <-   102] [mx   583(1) +=   103] [mg   583(1) <-   103] [mx   584(2) +=   104] [mg   584(2) <-   104] 
   y r k i <- y         : [mx   585(0) +=   102] [mg   585(0) <-   102] [mx   586(1) +=   103] [mg   586(1) <-   103] [mx   587(2) +=   104] [mg   587(2) <-   104] 
   y w r i <- y         : [mx   588(0) +=   102] [mg   588(0) <-   102] [mx   589(1) +=   103] [mg   589(1) <-   103] [mx   590(2) +=   104] [mg   590(2) <-   104] 
   y x A i <- y         : INFO: main.c(529): Writing dest /Users/imano/Desktop/Internships/MADA/arabicASRwCMUSphinx/arabicASRDatabase/model_parameters/arabicASRDatabase.cd_cont_untied/transition_matrices
INFO: s3tmat_io.c(176): Wrote /Users/imano/Desktop/Internships/MADA/arabicASRwCMUSphinx/arabicASRDatabase/model_parameters/arabicASRDatabase.cd_cont_untied/transition_matrices [36x3x4 array]
INFO: main.c(540): Writing dest /Users/imano/Desktop/Internships/MADA/arabicASRwCMUSphinx/arabicASRDatabase/model_parameters/arabicASRDatabase.cd_cont_untied/mixture_weights
INFO: s3mixw_io.c(233): Wrote /Users/imano/Desktop/Internships/MADA/arabicASRwCMUSphinx/arabicASRDatabase/model_parameters/arabicASRDatabase.cd_cont_untied/mixture_weights [594x1x1 array]
INFO: main.c(549): Writing dest /Users/imano/Desktop/Internships/MADA/arabicASRwCMUSphinx/arabicASRDatabase/model_parameters/arabicASRDatabase.cd_cont_untied/means
INFO: s3gau_io.c(228): Wrote /Users/imano/Desktop/Internships/MADA/arabicASRwCMUSphinx/arabicASRDatabase/model_parameters/arabicASRDatabase.cd_cont_untied/means [594x1x1 array]
INFO: main.c(561): Writing dest /Users/imano/Desktop/Internships/MADA/arabicASRwCMUSphinx/arabicASRDatabase/model_parameters/arabicASRDatabase.cd_cont_untied/variances
INFO: s3gau_io.c(228): Wrote /Users/imano/Desktop/Internships/MADA/arabicASRwCMUSphinx/arabicASRDatabase/model_parameters/arabicASRDatabase.cd_cont_untied/variances [594x1x1 array]
[mx   591(0) +=   102] [mg   591(0) <-   102] [mx   592(1) +=   103] [mg   592(1) <-   103] [mx   593(2) +=   104] [mg   593(2) <-   104] 
Sun Dec 25 11:51:44 2022
