Current configuration:
[NAME]		[DEFLT]	[VALUE]
-allphones	no	no
-cntthresh	0.00001	1.000000e-05
-csplitmax	100	2000
-csplitmin	1	1
-csplitthr	8e-4	0.000000e+00
-example	no	no
-fullvar	no	no
-help		no	no
-meanfn			/Users/imano/Desktop/Internships/MADA/arabicASRwCMUSphinx/arabicASRDatabase/model_parameters/arabicASRDatabase.cd_cont_untied/means
-mixwfn			/Users/imano/Desktop/Internships/MADA/arabicASRwCMUSphinx/arabicASRDatabase/model_parameters/arabicASRDatabase.cd_cont_untied/mixture_weights
-moddeffn		/Users/imano/Desktop/Internships/MADA/arabicASRwCMUSphinx/arabicASRDatabase/model_architecture/arabicASRDatabase.untied.mdef
-mwfloor	1e-4	1.000000e-08
-phone			m
-psetfn			/Users/imano/Desktop/Internships/MADA/arabicASRwCMUSphinx/arabicASRDatabase/model_architecture/arabicASRDatabase.tree_questions
-ssplitmax	5	7
-ssplitmin	1	1
-ssplitthr	8e-4	0.000000e+00
-state			0
-stwt			1.0,0.05,0.0,
-treefn			/Users/imano/Desktop/Internships/MADA/arabicASRwCMUSphinx/arabicASRDatabase/trees/arabicASRDatabase.unpruned/m-0.dtree
-ts2cbfn	.semi.	.cont.
-varfloor	0.00001	1.000000e-05
-varfn			/Users/imano/Desktop/Internships/MADA/arabicASRwCMUSphinx/arabicASRDatabase/model_parameters/arabicASRDatabase.cd_cont_untied/variances

INFO: main.c(223): Reading: /Users/imano/Desktop/Internships/MADA/arabicASRwCMUSphinx/arabicASRDatabase/model_architecture/arabicASRDatabase.untied.mdef
INFO: model_def_io.c(573): Model definition info:
INFO: model_def_io.c(574): 198 total models defined (36 base, 162 tri)
INFO: model_def_io.c(575): 792 total states
INFO: model_def_io.c(576): 594 total tied states
INFO: model_def_io.c(577): 108 total tied CI states
INFO: model_def_io.c(578): 36 total tied transition matrices
INFO: model_def_io.c(579): 4 max state/model
INFO: model_def_io.c(580): 4 min state/model
INFO: main.c(242): Building trees for [m > A i] through [m y y i]
INFO: main.c(269): Covering states |[354 374]| == 21
INFO: main.c(275): Reading: /Users/imano/Desktop/Internships/MADA/arabicASRwCMUSphinx/arabicASRDatabase/model_parameters/arabicASRDatabase.cd_cont_untied/mixture_weights
INFO: s3mixw_io.c(173): Read /Users/imano/Desktop/Internships/MADA/arabicASRwCMUSphinx/arabicASRDatabase/model_parameters/arabicASRDatabase.cd_cont_untied/mixture_weights [21x1x1 array]
INFO: main.c(311): 7 of 7 models have observation count greater than 0.000010
INFO: main.c(95): nrm stwt: 0.952 0.048 0.000 
INFO: s3gau_io.c(169): Read /Users/imano/Desktop/Internships/MADA/arabicASRwCMUSphinx/arabicASRDatabase/model_parameters/arabicASRDatabase.cd_cont_untied/means [594x1x1 array]
INFO: s3gau_io.c(169): Read /Users/imano/Desktop/Internships/MADA/arabicASRwCMUSphinx/arabicASRDatabase/model_parameters/arabicASRDatabase.cd_cont_untied/variances [594x1x1 array]
INFO: main.c(549): Reading: /Users/imano/Desktop/Internships/MADA/arabicASRwCMUSphinx/arabicASRDatabase/model_architecture/arabicASRDatabase.tree_questions
INFO: main.c(588): 12 total simple questions (4 phone; 8 word bndry)
INFO: main.c(590): 0 Left Only questions, and 0 Right Only questions
INFO: dtree.c(1439): stop. leaf nodes are specific
INFO: dtree.c(1478): Final simple tree
|( WDBNDRY_E 0 -1.928e+06 2.092e+04 8.666e+03
|    ( - -6.575e+05 3 0)
|    ( - -1.250e+06 4 0))
s>    ( WDBNDRY_E 0 -1.928e+06 2.092e+04 8.666e+03
s>        ( - -6.575e+05 3 0)
s>        ( - -1.250e+06 4 0))INFO: dtree.c(1315): Comp split 0
INFO: dtree.c(1315): Comp split 1
INFO: dtree.c(1318): stop. leaf nodes are specific
Sun Dec 25 11:52:14 2022
