Current configuration:
[NAME]		[DEFLT]	[VALUE]
-example	no	no
-help		no	no
-mixwfn			/Users/imano/Desktop/Internships/MADA/arabicASRwCMUSphinx/arabicASRDatabase/model_parameters/arabicASRDatabase.ci_cont_flatinitial/mixture_weights
-moddeffn		/Users/imano/Desktop/Internships/MADA/arabicASRwCMUSphinx/arabicASRDatabase/model_architecture/arabicASRDatabase.falign_ci.mdef
-ndensity	256	1
-nstream	4	1
-tmatfn			/Users/imano/Desktop/Internships/MADA/arabicASRwCMUSphinx/arabicASRDatabase/model_parameters/arabicASRDatabase.ci_cont_flatinitial/transition_matrices
-topo			/Users/imano/Desktop/Internships/MADA/arabicASRwCMUSphinx/arabicASRDatabase/model_architecture/arabicASRDatabase.topology

INFO: model_def_io.c(573): Model definition info:
INFO: model_def_io.c(574): 36 total models defined (36 base, 0 tri)
INFO: model_def_io.c(575): 144 total states
INFO: model_def_io.c(576): 108 total tied states
INFO: model_def_io.c(577): 108 total tied CI states
INFO: model_def_io.c(578): 36 total tied transition matrices
INFO: model_def_io.c(579): 4 max state/model
INFO: model_def_io.c(580): 4 min state/model
INFO: s3tmat_io.c(176): Wrote /Users/imano/Desktop/Internships/MADA/arabicASRwCMUSphinx/arabicASRDatabase/model_parameters/arabicASRDatabase.ci_cont_flatinitial/transition_matrices [36x3x4 array]
INFO: s3mixw_io.c(233): Wrote /Users/imano/Desktop/Internships/MADA/arabicASRwCMUSphinx/arabicASRDatabase/model_parameters/arabicASRDatabase.ci_cont_flatinitial/mixture_weights [108x1x1 array]
/Users/imano/Desktop/Internships/MADA/arabicASRwCMUSphinx/tutorial/sphinxtrain/src/programs/mk_flat/main.c(83): Reading model definition file /Users/imano/Desktop/Internships/MADA/arabicASRwCMUSphinx/arabicASRDatabase/model_architecture/arabicASRDatabase.falign_ci.mdef
/Users/imano/Desktop/Internships/MADA/arabicASRwCMUSphinx/tutorial/sphinxtrain/src/programs/mk_flat/main.c(90): 36 models defined
Sun Dec 25 11:46:52 2022
