Current configuration:
[NAME]		[DEFLT]	[VALUE]
-accumdir		/Users/imano/Desktop/Internships/MADA/arabicASRwCMUSphinx/arabicASRDatabase/bwaccumdir/arabicASRDatabase_buff_1,
-constE		3.0	3.000000e+00
-dcountfn		
-example	no	no
-fullvar	no	no
-help		no	no
-inmeanfn		
-inmixwfn		
-invarfn		
-meanfn			/Users/imano/Desktop/Internships/MADA/arabicASRwCMUSphinx/arabicASRDatabase/model_parameters/arabicASRDatabase.falign_ci_cont/means
-mixwfn			/Users/imano/Desktop/Internships/MADA/arabicASRwCMUSphinx/arabicASRDatabase/model_parameters/arabicASRDatabase.falign_ci_cont/mixture_weights
-mmie		no	no
-oaccumdir		
-regmatfn		
-tiedvar	no	no
-tmatfn			/Users/imano/Desktop/Internships/MADA/arabicASRwCMUSphinx/arabicASRDatabase/model_parameters/arabicASRDatabase.falign_ci_cont/transition_matrices
-varfn			/Users/imano/Desktop/Internships/MADA/arabicASRwCMUSphinx/arabicASRDatabase/model_parameters/arabicASRDatabase.falign_ci_cont/variances

INFO: main.c(207): Reading and accumulating counts from /Users/imano/Desktop/Internships/MADA/arabicASRwCMUSphinx/arabicASRDatabase/bwaccumdir/arabicASRDatabase_buff_1
INFO: s3mixw_io.c(117): Read /Users/imano/Desktop/Internships/MADA/arabicASRwCMUSphinx/arabicASRDatabase/bwaccumdir/arabicASRDatabase_buff_1/mixw_counts [108x1x1 array]
INFO: s3tmat_io.c(118): Read /Users/imano/Desktop/Internships/MADA/arabicASRwCMUSphinx/arabicASRDatabase/bwaccumdir/arabicASRDatabase_buff_1/tmat_counts [36x3x4 array]
INFO: s3gau_io.c(386): Read /Users/imano/Desktop/Internships/MADA/arabicASRwCMUSphinx/arabicASRDatabase/bwaccumdir/arabicASRDatabase_buff_1/gauden_counts with means with vars [108x1x1 vector arrays]
INFO: main.c(391): Normalizing mean for n_mgau= 108, n_stream= 1, n_density= 1
INFO: main.c(414): Normalizing var
INFO: s3mixw_io.c(233): Wrote /Users/imano/Desktop/Internships/MADA/arabicASRwCMUSphinx/arabicASRDatabase/model_parameters/arabicASRDatabase.falign_ci_cont/mixture_weights [108x1x1 array]
INFO: s3tmat_io.c(176): Wrote /Users/imano/Desktop/Internships/MADA/arabicASRwCMUSphinx/arabicASRDatabase/model_parameters/arabicASRDatabase.falign_ci_cont/transition_matrices [36x3x4 array]
INFO: s3gau_io.c(228): Wrote /Users/imano/Desktop/Internships/MADA/arabicASRwCMUSphinx/arabicASRDatabase/model_parameters/arabicASRDatabase.falign_ci_cont/means [108x1x1 array]
INFO: s3gau_io.c(228): Wrote /Users/imano/Desktop/Internships/MADA/arabicASRwCMUSphinx/arabicASRDatabase/model_parameters/arabicASRDatabase.falign_ci_cont/variances [108x1x1 array]
Sun Dec 25 11:49:55 2022
Current Overall Likelihood Per Frame = -150.760934840179
